<?xml version="1.0" encoding="UTF-8"?>
<testsuite xmlns:xsi="http://www.w3.org/2001/XMLSchema-instance" xsi:noNamespaceSchemaLocation="https://maven.apache.org/surefire/maven-surefire-plugin/xsd/surefire-test-report.xsd" name="ru.nsu.vki.intershop.manager.CustomerManagerTest" time="0.313" tests="19" errors="0" skipped="0" failures="0">
  <properties>
    <property name="sun.desktop" value="windows"/>
    <property name="awt.toolkit" value="sun.awt.windows.WToolkit"/>
    <property name="file.encoding.pkg" value="sun.io"/>
    <property name="java.specification.version" value="1.8"/>
    <property name="sun.cpu.isalist" value="amd64"/>
    <property name="sun.jnu.encoding" value="Cp1251"/>
    <property name="java.class.path" value="C:\Users\eqs\Downloads\intershop(students)\target\test-classes;C:\Users\eqs\Downloads\intershop(students)\target\classes;C:\Users\eqs\.m2\repository\org\glassfish\jersey\containers\jersey-container-servlet\2.19\jersey-container-servlet-2.19.jar;C:\Users\eqs\.m2\repository\org\glassfish\jersey\containers\jersey-container-servlet-core\2.19\jersey-container-servlet-core-2.19.jar;C:\Users\eqs\.m2\repository\org\glassfish\jersey\core\jersey-common\2.19\jersey-common-2.19.jar;C:\Users\eqs\.m2\repository\org\glassfish\jersey\bundles\repackaged\jersey-guava\2.19\jersey-guava-2.19.jar;C:\Users\eqs\.m2\repository\org\glassfish\hk2\osgi-resource-locator\1.0.1\osgi-resource-locator-1.0.1.jar;C:\Users\eqs\.m2\repository\javax\ws\rs\javax.ws.rs-api\2.0.1\javax.ws.rs-api-2.0.1.jar;C:\Users\eqs\.m2\repository\org\glassfish\jersey\core\jersey-server\2.19\jersey-server-2.19.jar;C:\Users\eqs\.m2\repository\org\glassfish\jersey\core\jersey-client\2.19\jersey-client-2.19.jar;C:\Users\eqs\.m2\repository\org\glassfish\jersey\media\jersey-media-jaxb\2.19\jersey-media-jaxb-2.19.jar;C:\Users\eqs\.m2\repository\javax\annotation\javax.annotation-api\1.2\javax.annotation-api-1.2.jar;C:\Users\eqs\.m2\repository\org\glassfish\hk2\hk2-api\2.4.0-b25\hk2-api-2.4.0-b25.jar;C:\Users\eqs\.m2\repository\org\glassfish\hk2\hk2-utils\2.4.0-b25\hk2-utils-2.4.0-b25.jar;C:\Users\eqs\.m2\repository\org\glassfish\hk2\external\aopalliance-repackaged\2.4.0-b25\aopalliance-repackaged-2.4.0-b25.jar;C:\Users\eqs\.m2\repository\org\glassfish\hk2\external\javax.inject\2.4.0-b25\javax.inject-2.4.0-b25.jar;C:\Users\eqs\.m2\repository\org\glassfish\hk2\hk2-locator\2.4.0-b25\hk2-locator-2.4.0-b25.jar;C:\Users\eqs\.m2\repository\org\javassist\javassist\3.18.1-GA\javassist-3.18.1-GA.jar;C:\Users\eqs\.m2\repository\javax\validation\validation-api\1.1.0.Final\validation-api-1.1.0.Final.jar;C:\Users\eqs\.m2\repository\org\glassfish\jersey\media\jersey-media-json-jackson\2.19\jersey-media-json-jackson-2.19.jar;C:\Users\eqs\.m2\repository\org\glassfish\jersey\ext\jersey-entity-filtering\2.19\jersey-entity-filtering-2.19.jar;C:\Users\eqs\.m2\repository\com\fasterxml\jackson\jaxrs\jackson-jaxrs-base\2.5.1\jackson-jaxrs-base-2.5.1.jar;C:\Users\eqs\.m2\repository\com\fasterxml\jackson\core\jackson-core\2.5.1\jackson-core-2.5.1.jar;C:\Users\eqs\.m2\repository\com\fasterxml\jackson\core\jackson-databind\2.5.1\jackson-databind-2.5.1.jar;C:\Users\eqs\.m2\repository\com\fasterxml\jackson\jaxrs\jackson-jaxrs-json-provider\2.5.1\jackson-jaxrs-json-provider-2.5.1.jar;C:\Users\eqs\.m2\repository\com\fasterxml\jackson\module\jackson-module-jaxb-annotations\2.5.1\jackson-module-jaxb-annotations-2.5.1.jar;C:\Users\eqs\.m2\repository\com\fasterxml\jackson\core\jackson-annotations\2.5.1\jackson-annotations-2.5.1.jar;C:\Users\eqs\.m2\repository\com\google\code\gson\gson\2.2.4\gson-2.2.4.jar;C:\Users\eqs\.m2\repository\mysql\mysql-connector-java\8.0.15\mysql-connector-java-8.0.15.jar;C:\Users\eqs\.m2\repository\com\google\protobuf\protobuf-java\3.6.1\protobuf-java-3.6.1.jar;C:\Users\eqs\.m2\repository\commons-lang\commons-lang\2.6\commons-lang-2.6.jar;C:\Users\eqs\.m2\repository\org\junit\jupiter\junit-jupiter\5.7.0\junit-jupiter-5.7.0.jar;C:\Users\eqs\.m2\repository\org\junit\jupiter\junit-jupiter-api\5.7.0\junit-jupiter-api-5.7.0.jar;C:\Users\eqs\.m2\repository\org\apiguardian\apiguardian-api\1.1.0\apiguardian-api-1.1.0.jar;C:\Users\eqs\.m2\repository\org\opentest4j\opentest4j\1.2.0\opentest4j-1.2.0.jar;C:\Users\eqs\.m2\repository\org\junit\platform\junit-platform-commons\1.7.0\junit-platform-commons-1.7.0.jar;C:\Users\eqs\.m2\repository\org\junit\jupiter\junit-jupiter-params\5.7.0\junit-jupiter-params-5.7.0.jar;C:\Users\eqs\.m2\repository\org\junit\jupiter\junit-jupiter-engine\5.7.0\junit-jupiter-engine-5.7.0.jar;C:\Users\eqs\.m2\repository\org\junit\platform\junit-platform-engine\1.7.0\junit-platform-engine-1.7.0.jar;C:\Users\eqs\.m2\repository\org\mockito\mockito-all\1.10.19\mockito-all-1.10.19.jar;C:\Users\eqs\.m2\repository\org\slf4j\slf4j-api\1.7.13\slf4j-api-1.7.13.jar;C:\Users\eqs\.m2\repository\org\slf4j\slf4j-jdk14\1.7.13\slf4j-jdk14-1.7.13.jar;C:\Users\eqs\.m2\repository\log4j\log4j\1.2.17\log4j-1.2.17.jar;C:\Users\eqs\.m2\repository\ru\yandex\qatools\allure\allure-java-annotations\1.4.16\allure-java-annotations-1.4.16.jar;C:\Users\eqs\.m2\repository\ru\yandex\qatools\allure\allure-model\1.4.16\allure-model-1.4.16.jar;C:\Users\eqs\.m2\repository\org\jvnet\jaxb2_commons\jaxb2-basics-runtime\0.9.3\jaxb2-basics-runtime-0.9.3.jar;C:\Users\eqs\.m2\repository\ru\yandex\qatools\properties\properties-loader\1.5\properties-loader-1.5.jar;C:\Users\eqs\.m2\repository\commons-beanutils\commons-beanutils-core\1.8.3\commons-beanutils-core-1.8.3.jar;C:\Users\eqs\.m2\repository\org\apache\httpcomponents\httpclient\4.5\httpclient-4.5.jar;C:\Users\eqs\.m2\repository\org\apache\httpcomponents\httpcore\4.4.1\httpcore-4.4.1.jar;C:\Users\eqs\.m2\repository\commons-logging\commons-logging\1.2\commons-logging-1.2.jar;C:\Users\eqs\.m2\repository\commons-codec\commons-codec\1.9\commons-codec-1.9.jar;"/>
    <property name="java.vm.vendor" value="Amazon.com Inc."/>
    <property name="sun.arch.data.model" value="64"/>
    <property name="user.variant" value=""/>
    <property name="java.vendor.url" value="https://aws.amazon.com/corretto/"/>
    <property name="user.timezone" value="Asia/Novosibirsk"/>
    <property name="java.vm.specification.version" value="1.8"/>
    <property name="os.name" value="Windows 10"/>
    <property name="user.country" value="RU"/>
    <property name="sun.java.launcher" value="SUN_STANDARD"/>
    <property name="sun.boot.library.path" value="C:\Users\eqs\.jdks\corretto-1.8.0_275\jre\bin"/>
    <property name="sun.java.command" value="C:\Temp\surefire5498803302170552476\surefirebooter6324055951808914597.jar C:\Temp\surefire5498803302170552476 2020-12-15T00-50-11_189-jvmRun1 surefire8557790279088218669tmp surefire_05933285594752600339tmp"/>
    <property name="surefire.test.class.path" value="C:\Users\eqs\Downloads\intershop(students)\target\test-classes;C:\Users\eqs\Downloads\intershop(students)\target\classes;C:\Users\eqs\.m2\repository\org\glassfish\jersey\containers\jersey-container-servlet\2.19\jersey-container-servlet-2.19.jar;C:\Users\eqs\.m2\repository\org\glassfish\jersey\containers\jersey-container-servlet-core\2.19\jersey-container-servlet-core-2.19.jar;C:\Users\eqs\.m2\repository\org\glassfish\jersey\core\jersey-common\2.19\jersey-common-2.19.jar;C:\Users\eqs\.m2\repository\org\glassfish\jersey\bundles\repackaged\jersey-guava\2.19\jersey-guava-2.19.jar;C:\Users\eqs\.m2\repository\org\glassfish\hk2\osgi-resource-locator\1.0.1\osgi-resource-locator-1.0.1.jar;C:\Users\eqs\.m2\repository\javax\ws\rs\javax.ws.rs-api\2.0.1\javax.ws.rs-api-2.0.1.jar;C:\Users\eqs\.m2\repository\org\glassfish\jersey\core\jersey-server\2.19\jersey-server-2.19.jar;C:\Users\eqs\.m2\repository\org\glassfish\jersey\core\jersey-client\2.19\jersey-client-2.19.jar;C:\Users\eqs\.m2\repository\org\glassfish\jersey\media\jersey-media-jaxb\2.19\jersey-media-jaxb-2.19.jar;C:\Users\eqs\.m2\repository\javax\annotation\javax.annotation-api\1.2\javax.annotation-api-1.2.jar;C:\Users\eqs\.m2\repository\org\glassfish\hk2\hk2-api\2.4.0-b25\hk2-api-2.4.0-b25.jar;C:\Users\eqs\.m2\repository\org\glassfish\hk2\hk2-utils\2.4.0-b25\hk2-utils-2.4.0-b25.jar;C:\Users\eqs\.m2\repository\org\glassfish\hk2\external\aopalliance-repackaged\2.4.0-b25\aopalliance-repackaged-2.4.0-b25.jar;C:\Users\eqs\.m2\repository\org\glassfish\hk2\external\javax.inject\2.4.0-b25\javax.inject-2.4.0-b25.jar;C:\Users\eqs\.m2\repository\org\glassfish\hk2\hk2-locator\2.4.0-b25\hk2-locator-2.4.0-b25.jar;C:\Users\eqs\.m2\repository\org\javassist\javassist\3.18.1-GA\javassist-3.18.1-GA.jar;C:\Users\eqs\.m2\repository\javax\validation\validation-api\1.1.0.Final\validation-api-1.1.0.Final.jar;C:\Users\eqs\.m2\repository\org\glassfish\jersey\media\jersey-media-json-jackson\2.19\jersey-media-json-jackson-2.19.jar;C:\Users\eqs\.m2\repository\org\glassfish\jersey\ext\jersey-entity-filtering\2.19\jersey-entity-filtering-2.19.jar;C:\Users\eqs\.m2\repository\com\fasterxml\jackson\jaxrs\jackson-jaxrs-base\2.5.1\jackson-jaxrs-base-2.5.1.jar;C:\Users\eqs\.m2\repository\com\fasterxml\jackson\core\jackson-core\2.5.1\jackson-core-2.5.1.jar;C:\Users\eqs\.m2\repository\com\fasterxml\jackson\core\jackson-databind\2.5.1\jackson-databind-2.5.1.jar;C:\Users\eqs\.m2\repository\com\fasterxml\jackson\jaxrs\jackson-jaxrs-json-provider\2.5.1\jackson-jaxrs-json-provider-2.5.1.jar;C:\Users\eqs\.m2\repository\com\fasterxml\jackson\module\jackson-module-jaxb-annotations\2.5.1\jackson-module-jaxb-annotations-2.5.1.jar;C:\Users\eqs\.m2\repository\com\fasterxml\jackson\core\jackson-annotations\2.5.1\jackson-annotations-2.5.1.jar;C:\Users\eqs\.m2\repository\com\google\code\gson\gson\2.2.4\gson-2.2.4.jar;C:\Users\eqs\.m2\repository\mysql\mysql-connector-java\8.0.15\mysql-connector-java-8.0.15.jar;C:\Users\eqs\.m2\repository\com\google\protobuf\protobuf-java\3.6.1\protobuf-java-3.6.1.jar;C:\Users\eqs\.m2\repository\commons-lang\commons-lang\2.6\commons-lang-2.6.jar;C:\Users\eqs\.m2\repository\org\junit\jupiter\junit-jupiter\5.7.0\junit-jupiter-5.7.0.jar;C:\Users\eqs\.m2\repository\org\junit\jupiter\junit-jupiter-api\5.7.0\junit-jupiter-api-5.7.0.jar;C:\Users\eqs\.m2\repository\org\apiguardian\apiguardian-api\1.1.0\apiguardian-api-1.1.0.jar;C:\Users\eqs\.m2\repository\org\opentest4j\opentest4j\1.2.0\opentest4j-1.2.0.jar;C:\Users\eqs\.m2\repository\org\junit\platform\junit-platform-commons\1.7.0\junit-platform-commons-1.7.0.jar;C:\Users\eqs\.m2\repository\org\junit\jupiter\junit-jupiter-params\5.7.0\junit-jupiter-params-5.7.0.jar;C:\Users\eqs\.m2\repository\org\junit\jupiter\junit-jupiter-engine\5.7.0\junit-jupiter-engine-5.7.0.jar;C:\Users\eqs\.m2\repository\org\junit\platform\junit-platform-engine\1.7.0\junit-platform-engine-1.7.0.jar;C:\Users\eqs\.m2\repository\org\mockito\mockito-all\1.10.19\mockito-all-1.10.19.jar;C:\Users\eqs\.m2\repository\org\slf4j\slf4j-api\1.7.13\slf4j-api-1.7.13.jar;C:\Users\eqs\.m2\repository\org\slf4j\slf4j-jdk14\1.7.13\slf4j-jdk14-1.7.13.jar;C:\Users\eqs\.m2\repository\log4j\log4j\1.2.17\log4j-1.2.17.jar;C:\Users\eqs\.m2\repository\ru\yandex\qatools\allure\allure-java-annotations\1.4.16\allure-java-annotations-1.4.16.jar;C:\Users\eqs\.m2\repository\ru\yandex\qatools\allure\allure-model\1.4.16\allure-model-1.4.16.jar;C:\Users\eqs\.m2\repository\org\jvnet\jaxb2_commons\jaxb2-basics-runtime\0.9.3\jaxb2-basics-runtime-0.9.3.jar;C:\Users\eqs\.m2\repository\ru\yandex\qatools\properties\properties-loader\1.5\properties-loader-1.5.jar;C:\Users\eqs\.m2\repository\commons-beanutils\commons-beanutils-core\1.8.3\commons-beanutils-core-1.8.3.jar;C:\Users\eqs\.m2\repository\org\apache\httpcomponents\httpclient\4.5\httpclient-4.5.jar;C:\Users\eqs\.m2\repository\org\apache\httpcomponents\httpcore\4.4.1\httpcore-4.4.1.jar;C:\Users\eqs\.m2\repository\commons-logging\commons-logging\1.2\commons-logging-1.2.jar;C:\Users\eqs\.m2\repository\commons-codec\commons-codec\1.9\commons-codec-1.9.jar;"/>
    <property name="sun.cpu.endian" value="little"/>
    <property name="user.home" value="C:\Users\eqs"/>
    <property name="user.language" value="ru"/>
    <property name="java.specification.vendor" value="Oracle Corporation"/>
    <property name="java.home" value="C:\Users\eqs\.jdks\corretto-1.8.0_275\jre"/>
    <property name="basedir" value="C:\Users\eqs\Downloads\intershop(students)"/>
    <property name="file.separator" value="\"/>
    <property name="line.separator" value="&#10;"/>
    <property name="java.vm.specification.vendor" value="Oracle Corporation"/>
    <property name="java.specification.name" value="Java Platform API Specification"/>
    <property name="java.awt.graphicsenv" value="sun.awt.Win32GraphicsEnvironment"/>
    <property name="surefire.real.class.path" value="C:\Temp\surefire5498803302170552476\surefirebooter6324055951808914597.jar"/>
    <property name="sun.boot.class.path" value="C:\Users\eqs\.jdks\corretto-1.8.0_275\jre\lib\resources.jar;C:\Users\eqs\.jdks\corretto-1.8.0_275\jre\lib\rt.jar;C:\Users\eqs\.jdks\corretto-1.8.0_275\jre\lib\sunrsasign.jar;C:\Users\eqs\.jdks\corretto-1.8.0_275\jre\lib\jsse.jar;C:\Users\eqs\.jdks\corretto-1.8.0_275\jre\lib\jce.jar;C:\Users\eqs\.jdks\corretto-1.8.0_275\jre\lib\charsets.jar;C:\Users\eqs\.jdks\corretto-1.8.0_275\jre\lib\jfr.jar;C:\Users\eqs\.jdks\corretto-1.8.0_275\jre\classes"/>
    <property name="user.script" value=""/>
    <property name="sun.management.compiler" value="HotSpot 64-Bit Tiered Compilers"/>
    <property name="java.runtime.version" value="1.8.0_275-b01"/>
    <property name="user.name" value="eqs"/>
    <property name="path.separator" value=";"/>
    <property name="os.version" value="10.0"/>
    <property name="java.endorsed.dirs" value="C:\Users\eqs\.jdks\corretto-1.8.0_275\jre\lib\endorsed"/>
    <property name="java.runtime.name" value="OpenJDK Runtime Environment"/>
    <property name="file.encoding" value="Cp1251"/>
    <property name="java.vm.name" value="OpenJDK 64-Bit Server VM"/>
    <property name="localRepository" value="C:\Users\eqs\.m2\repository"/>
    <property name="java.vendor.url.bug" value="https://github.com/corretto/corretto-8/issues/"/>
    <property name="java.io.tmpdir" value="C:\Temp\"/>
    <property name="idea.version" value="2020.3"/>
    <property name="java.version" value="1.8.0_275"/>
    <property name="user.dir" value="C:\Users\eqs\Downloads\intershop(students)"/>
    <property name="os.arch" value="amd64"/>
    <property name="java.vm.specification.name" value="Java Virtual Machine Specification"/>
    <property name="java.awt.printerjob" value="sun.awt.windows.WPrinterJob"/>
    <property name="sun.os.patch.level" value=""/>
    <property name="java.library.path" value="C:\Users\eqs\.jdks\corretto-1.8.0_275\jre\bin;C:\Windows\Sun\Java\bin;C:\Windows\system32;C:\Windows;C:\VulkanSDK\1.2.148.1\Bin;C:\Program Files (x86)\Common Files\Oracle\Java\javapath;C:\Windows\system32;C:\Windows;C:\Windows\System32\Wbem;C:\Windows\System32\WindowsPowerShell\v1.0\;C:\Program Files (x86)\NVIDIA Corporation\PhysX\Common;C:\Program Files\NVIDIA Corporation\NVIDIA NvDLISR;C:\Program Files\MySQL\MySQL Shell 8.0\bin\;C:\Users\eqs\AppData\Local\Microsoft\WindowsApps;C:\Java\JetBrains\IntelliJIDEA\bin;C:\Users\eqs\AppData\Local\GitHubDesktop\bin;C:\Program Files\JetBrains\PyCharm Community Edition 2020.2.3\bin;;C:\Users\eqs\AppData\Local\Programs\Python\Python38\Scripts;;C:\Program Files\JetBrains\IntelliJ IDEA Community Edition 2020.3\bin;;."/>
    <property name="java.vm.info" value="mixed mode"/>
    <property name="java.vendor" value="Amazon.com Inc."/>
    <property name="java.vm.version" value="25.275-b01"/>
    <property name="java.ext.dirs" value="C:\Users\eqs\.jdks\corretto-1.8.0_275\jre\lib\ext;C:\Windows\Sun\Java\lib\ext"/>
    <property name="sun.io.unicode.encoding" value="UnicodeLittle"/>
    <property name="java.class.version" value="52.0"/>
  </properties>
  <testcase name="testCreateCustomerWithWrongLastName" classname="ru.nsu.vki.intershop.manager.CustomerManagerTest" time="0.231"/>
  <testcase name="TestPasswordValidationCheck" classname="ru.nsu.vki.intershop.manager.CustomerManagerTest" time="0.001"/>
  <testcase name="testCreateCustomerWithPasswordWithoutLowerCaseLetters" classname="ru.nsu.vki.intershop.manager.CustomerManagerTest" time="0.002"/>
  <testcase name="testCreateCustomerWithWrongLogin" classname="ru.nsu.vki.intershop.manager.CustomerManagerTest" time="0.002"/>
  <testcase name="testCreateCustomerWithPasswordWithoutUpperCaseLetters" classname="ru.nsu.vki.intershop.manager.CustomerManagerTest" time="0.003"/>
  <testcase name="testCreateCustomerWithPasswordContainsWhitespace" classname="ru.nsu.vki.intershop.manager.CustomerManagerTest" time="0.002"/>
  <testcase name="TestLoginValidationCheck" classname="ru.nsu.vki.intershop.manager.CustomerManagerTest" time="0.001"/>
  <testcase name="testCreateCustomerWithPasswordContainsLogin" classname="ru.nsu.vki.intershop.manager.CustomerManagerTest" time="0.001"/>
  <testcase name="CreateUserWithoutFirstName" classname="ru.nsu.vki.intershop.manager.CustomerManagerTest" time="0.001"/>
  <testcase name="testCreateCustomerWithPasswordContainsLastName" classname="ru.nsu.vki.intershop.manager.CustomerManagerTest" time="0.002"/>
  <testcase name="CreateUserWithoutPassword" classname="ru.nsu.vki.intershop.manager.CustomerManagerTest" time="0.002"/>
  <testcase name="testCreateCustomerWithPasswordContainsFirstName" classname="ru.nsu.vki.intershop.manager.CustomerManagerTest" time="0.002"/>
  <testcase name="TestLastNameValidationСheck" classname="ru.nsu.vki.intershop.manager.CustomerManagerTest" time="0.002"/>
  <testcase name="testCreateCustomerWithPasswordWithoutSpecialCharacters" classname="ru.nsu.vki.intershop.manager.CustomerManagerTest" time="0.005"/>
  <testcase name="CreateUserWithoutLogin" classname="ru.nsu.vki.intershop.manager.CustomerManagerTest" time="0.002"/>
  <testcase name="testCreateCustomerWithPasswordWithoutNumbers" classname="ru.nsu.vki.intershop.manager.CustomerManagerTest" time="0.002"/>
  <testcase name="testCreateCustomerWithWrongFirstName" classname="ru.nsu.vki.intershop.manager.CustomerManagerTest" time="0.002"/>
  <testcase name="CreateUserWithoutLastName" classname="ru.nsu.vki.intershop.manager.CustomerManagerTest" time="0.002"/>
  <testcase name="TestNameValidationСheck" classname="ru.nsu.vki.intershop.manager.CustomerManagerTest" time="0.002"/>
</testsuite>